TN:
SF:server.js
FN:12,(anonymous_0)
FNF:1
FNH:1
FNDA:1,(anonymous_0)
DA:1,1
DA:2,1
DA:3,1
DA:4,1
DA:5,1
DA:6,1
DA:8,1
DA:9,1
DA:10,1
DA:12,1
DA:13,1
DA:16,1
LF:12
LH:12
BRF:0
BRH:0
end_of_record
TN:
SF:config\db.js
FN:6,(anonymous_0)
FN:8,(anonymous_1)
FNF:2
FNH:1
FNDA:1,(anonymous_0)
FNDA:0,(anonymous_1)
DA:1,1
DA:3,1
DA:7,1
DA:9,0
LF:4
LH:3
BRF:0
BRH:0
end_of_record
TN:
SF:controllers\user.controller.js
FN:5,(anonymous_0)
FN:21,(anonymous_1)
FN:31,(anonymous_2)
FN:40,(anonymous_3)
FN:50,(anonymous_4)
FN:58,(anonymous_5)
FN:75,(anonymous_6)
FNF:7
FNH:1
FNDA:1,(anonymous_0)
FNDA:0,(anonymous_1)
FNDA:0,(anonymous_2)
FNDA:0,(anonymous_3)
FNDA:0,(anonymous_4)
FNDA:0,(anonymous_5)
FNDA:0,(anonymous_6)
DA:1,1
DA:2,1
DA:5,1
DA:6,1
DA:7,1
DA:8,1
DA:15,1
DA:21,1
DA:23,0
DA:24,0
DA:25,0
DA:31,1
DA:32,0
DA:33,0
DA:34,0
DA:40,1
DA:41,0
DA:42,0
DA:43,0
DA:50,1
DA:51,0
DA:52,0
DA:58,1
DA:59,0
DA:60,0
DA:61,0
DA:69,0
DA:75,1
DA:76,0
DA:77,0
DA:78,0
LF:31
LH:13
BRF:0
BRH:0
end_of_record
TN:
SF:models\user.model.js
FNF:0
FNH:0
DA:1,1
DA:2,1
DA:4,1
DA:38,1
LF:4
LH:4
BRF:0
BRH:0
end_of_record
TN:
SF:routes\user.routes.js
FNF:0
FNH:0
DA:1,1
DA:2,1
DA:4,1
DA:5,1
DA:6,1
DA:7,1
DA:8,1
DA:9,1
DA:10,1
DA:12,1
LF:10
LH:10
BRF:0
BRH:0
end_of_record
